{"C:\\Users\\jhoua\\Documents\\Projects\\clean-node-api\\src\\presentation\\controllers\\signup.ts": {"path":"C:\\Users\\jhoua\\Documents\\Projects\\clean-node-api\\src\\presentation\\controllers\\signup.ts","statementMap":{"0":{"start":{"line":1,"column":0},"end":{"line":1,"column":66}},"1":{"start":{"line":5,"column":4},"end":{"line":9,"column":8}},"2":{"start":{"line":6,"column":6},"end":{"line":9,"column":8}},"3":{"start":{"line":11,"column":4},"end":{"line":15,"column":8}},"4":{"start":{"line":12,"column":6},"end":{"line":15,"column":8}},"5":{"start":{"line":3,"column":0},"end":{"line":3,"column":13}}},"fnMap":{"0":{"name":"(anonymous_0)","decl":{"start":{"line":4,"column":2},"end":{"line":4,"column":8}},"loc":{"start":{"line":4,"column":33},"end":{"line":16,"column":3}}}},"branchMap":{"0":{"loc":{"start":{"line":5,"column":4},"end":{"line":9,"column":8}},"type":"if","locations":[{"start":{"line":5,"column":4},"end":{"line":9,"column":8}},{"start":{"line":5,"column":4},"end":{"line":9,"column":8}}]},"1":{"loc":{"start":{"line":11,"column":4},"end":{"line":15,"column":8}},"type":"if","locations":[{"start":{"line":11,"column":4},"end":{"line":15,"column":8}},{"start":{"line":11,"column":4},"end":{"line":15,"column":8}}]}},"s":{"0":1,"1":2,"2":1,"3":1,"4":1,"5":1},"f":{"0":2},"b":{"0":[1,1],"1":[1,0]}}
,"C:\\Users\\jhoua\\Documents\\Projects\\clean-node-api\\src\\presentation\\errors\\missing-param-error.ts": {"path":"C:\\Users\\jhoua\\Documents\\Projects\\clean-node-api\\src\\presentation\\errors\\missing-param-error.ts","statementMap":{"0":{"start":{"line":3,"column":4},"end":{"line":3,"column":41}},"1":{"start":{"line":4,"column":4},"end":{"line":4,"column":35}},"2":{"start":{"line":1,"column":4},"end":{"line":1,"column":17}}},"fnMap":{"0":{"name":"(anonymous_0)","decl":{"start":{"line":2,"column":2},"end":{"line":2,"column":14}},"loc":{"start":{"line":2,"column":31},"end":{"line":5,"column":3}}}},"branchMap":{},"s":{"0":4,"1":4,"2":1},"f":{"0":4},"b":{}}
}
